[11:06:24] [Client thread/INFO] [JMLogger] JourneyMap log initialized.
[11:06:24] [Client thread/INFO] [JourneymapClient] initialize ENTER
[11:06:24] [Client thread/ERROR] [FileHandler] Couldn't locate icons for flat: D:\Users\dylan\AppData\Instances\kappar%20s2%20example\mods\journeymap-1.12.2-5.7.1.jar\assets\journeymap\theme\flat
[11:06:25] [Client thread/INFO] [PropertiesBase] core (FirstLoaded) Setting config file to version "5.7.1": journeymap.core.config
[11:06:25] [Client thread/INFO] [PropertiesBase] core (Valid) Creating config file: D:\Users\dylan\AppData\Instances\kappar s2 example\journeymap\config\5.7\journeymap.core.config
[11:06:25] [Client thread/INFO] [PropertiesBase] fullmap (FirstLoaded) Setting config file to version "5.7.1": journeymap.fullmap.config
[11:06:25] [Client thread/INFO] [PropertiesBase] fullmap (Valid) Creating config file: D:\Users\dylan\AppData\Instances\kappar s2 example\journeymap\config\5.7\journeymap.fullmap.config
[11:06:25] [Client thread/INFO] [PropertiesBase] minimap (Initialized) Setting config file to version "5.7.1": journeymap.minimap.config
[11:06:25] [Client thread/INFO] [PropertiesBase] minimap (Valid) Creating config file: D:\Users\dylan\AppData\Instances\kappar s2 example\journeymap\config\5.7\journeymap.minimap.config
[11:06:25] [Client thread/INFO] [PropertiesBase] minimap2 (FirstLoaded) Setting config file to version "5.7.1": journeymap.minimap2.config
[11:06:25] [Client thread/INFO] [PropertiesBase] minimap2 (Valid) Creating config file: D:\Users\dylan\AppData\Instances\kappar s2 example\journeymap\config\5.7\journeymap.minimap2.config
[11:06:25] [Client thread/INFO] [PropertiesBase] topo (FirstLoaded) Setting config file to version "5.7.1": journeymap.topo.config
[11:06:25] [Client thread/INFO] [PropertiesBase] topo (Valid) Creating config file: D:\Users\dylan\AppData\Instances\kappar s2 example\journeymap\config\5.7\journeymap.topo.config
[11:06:25] [Client thread/INFO] [PropertiesBase] webmap (FirstLoaded) Setting config file to version "5.7.1": journeymap.webmap.config
[11:06:25] [Client thread/INFO] [PropertiesBase] webmap (Valid) Creating config file: D:\Users\dylan\AppData\Instances\kappar s2 example\journeymap\config\5.7\journeymap.webmap.config
[11:06:25] [Client thread/INFO] [PropertiesBase] waypoint (FirstLoaded) Setting config file to version "5.7.1": journeymap.waypoint.config
[11:06:25] [Client thread/INFO] [PropertiesBase] waypoint (Valid) Creating config file: D:\Users\dylan\AppData\Instances\kappar s2 example\journeymap\config\5.7\journeymap.waypoint.config
[11:06:25] [Client thread/INFO] [?] Version: JourneyMap 1.12.2-5.7.1, built with Forge 14.23.5.2768
Forge: 14.23.5.2855
Environment: os.name, os.arch, java.version, user.country, user.language=null, game language=en_us, locale=en_us
Features: 
	RadarPlayers : singleplayer = true , multiplayer = true
	RadarAnimals : singleplayer = true , multiplayer = true
	RadarMobs : singleplayer = true , multiplayer = true
	RadarVillagers : singleplayer = true , multiplayer = true
	MapTopo : singleplayer = true , multiplayer = true
	MapSurface : singleplayer = true , multiplayer = true
	MapCaves : singleplayer = true , multiplayer = true
MiniMapProperties{state=SavedOk, file=journeymap.minimap.config, configVersion=5.7.1, zoomLevel=0, showPlayers=true, frameAlpha=100, compassFontScale=1, terrainAlpha=100, showEntityNames=true, enabled=true, showPlayerHeading=true, showVillagers=true, info2Label=Game Time, sizePercent=30, showDayNight=true, info3Label=Location, showMobs=true, showPets=true, preferredMapType=day, showCompass=true, mobDisplay=Small Dots, showReticle=true, orientation=North, systemTimeRealFormat=HH:mm:ss, shape=Circle, showSelf=true, info4Label=Biome, locationFormat=xzyv, playerDisplay=Small Dots, showGrid=true, reticleOrientation=Compass, gameTimeRealFormat=HH:mm:ss, showWaypoints=true, showCaves=true, showAnimals=true, showMobHeading=true, showWaypointLabels=true, locationFormatVerbose=true, position=Top Right, info1Label=Blank, fontScale=1}
MiniMapProperties{state=SavedOk, file=journeymap.minimap2.config, configVersion=5.7.1, zoomLevel=0, showPlayers=true, frameAlpha=100, compassFontScale=1, terrainAlpha=100, showEntityNames=true, enabled=true, showPlayerHeading=true, showVillagers=true, info2Label=Game Time, sizePercent=30, showDayNight=true, info3Label=Location, showMobs=true, showPets=true, preferredMapType=day, showCompass=true, mobDisplay=Small Dots, showReticle=true, orientation=North, systemTimeRealFormat=HH:mm:ss, shape=Rectangle, showSelf=true, info4Label=Biome, locationFormat=xzyv, playerDisplay=Small Dots, showGrid=true, reticleOrientation=Compass, gameTimeRealFormat=HH:mm:ss, showWaypoints=true, showCaves=true, showAnimals=true, showMobHeading=true, showWaypointLabels=true, locationFormatVerbose=true, position=Top Right, info1Label=Blank, fontScale=1}
FullMapProperties{state=SavedOk, file=journeymap.fullmap.config, configVersion=5.7.1, mobDisplay=Small Dots, zoomLevel=0, showPlayers=true, showSelf=true, locationFormat=xzyv, playerDisplay=Small Dots, showGrid=true, showEntityNames=true, showPlayerHeading=true, showVillagers=true, showWaypoints=true, showCaves=true, showAnimals=true, showMobHeading=true, showKeys=true, showWaypointLabels=true, locationFormatVerbose=true, showMobs=true, showPets=true, fontScale=1, preferredMapType=day}
WaypointProperties{state=SavedOk, file=journeymap.waypoint.config, configVersion=5.7.1, autoRemoveDeathpointDistance=2, createDeathpoints=true, showName=true, dateFormat=MM-dd-yyyy, autoRemoveDeathpoints=false, maxDistance=0, autoHideLabel=true, teleportCommand=/tp {name} {x} {y} {z}, showStaticBeam=true, minDistance=4, timeFormat=HH:mm:ss, boldLabel=false, textureSmall=true, showDeathpointlabel=true, showDistance=true, showRotatingBeam=true, fontScale=2, showTexture=true, managerEnabled=true, beaconEnabled=true}
WebMapProperties{state=SavedOk, file=journeymap.webmap.config, configVersion=5.7.1, zoomLevel=0, showWaypoints=true, showCaves=true, showSelf=true, port=8080, showGrid=true, showEntityNames=true, enabled=false, preferredMapType=day}
CoreProperties{state=SavedOk, file=journeymap.core.config, configVersion=5.7.1, verboseColorPalette=false, maxPlayersData=32, mapSurfaceAboveCaves=true, optionsManagerViewed=null, announceMod=true, colorPassive=#bbbbbb, renderOverlayEventTypeName=ALL, mapBlendWater=false, renderDistanceSurfaceMax=7, radarVerticalDistance=16, mapBlendGrass=true, recordCacheStats=false, hideSneakingEntities=true, revealShape=Circle, alwaysMapSurface=false, colorVillager=#88e188, mapPlants=false, colorPet=#0077ff, radarLateralDistance=64, mapBathymetry=false, mapCrops=true, maxMobsData=32, mapPlantShadows=false, alwaysMapCaves=false, checkUpdates=true, browserPoll=2000, mapBlendFoliage=true, mappingEnabled=true, colorPlayer=#ffffff, tileHighDisplayQuality=true, cacheVillagersData=2200, logLevel=INFO, maxVillagersData=32, maxAnimalsData=32, mapTransparency=true, tileRenderType=1, caveIgnoreGlass=true, mapTopography=true, renderDistanceCaveMax=3, mapAntialiasing=true, colorSelf=#0000ff, cachePlayersData=2000, cacheMobsData=3000, cachePlayerData=1000, splashViewed=null, colorHostile=#ff0000, cacheAnimalsData=3100, themeName=OceanMonument, mapCaveLighting=true, renderDelay=2, renderOverlayPreEvent=true, autoMapPoll=2000}
[11:06:25] [Client thread/INFO] [ClientAPI] [ClientAPI] built with JourneyMap API 1.4
[11:06:25] [Client thread/INFO] [PluginHelper] Initializing plugins with Client API: journeymap.client.api.impl.ClientAPI
[11:06:25] [Client thread/INFO] [PluginHelper] Initialized IClientPlugin: com.feed_the_beast.ftbutilities.integration.JourneyMapIntegration
[11:06:25] [Client thread/INFO] [PluginHelper] Initialized IClientPlugin: net.blay09.mods.waystones.compat.JourneyMapAddon
[11:06:25] [Client thread/INFO] [JourneymapClient] initialize EXIT, elapsed count 0 avg ?ms
[11:07:37] [Client thread/ERROR] [FileHandler] Couldn't locate icons for Default: D:\Users\dylan\AppData\Instances\kappar%20s2%20example\mods\journeymap-1.12.2-5.7.1.jar\assets\journeymap\icon\entity
[11:07:37] [Client thread/INFO] [IconSetFileHandler] Added entity icons from journeymap:icon/entity. Success: false
[11:07:37] [Client thread/ERROR] [FileHandler] Couldn't locate icons for flat: D:\Users\dylan\AppData\Instances\kappar%20s2%20example\mods\journeymap-1.12.2-5.7.1.jar\assets\journeymap\theme\flat
[11:07:37] [Client thread/INFO] [ThemeLoader] Preloaded theme textures: 0
